{"numTotalTestSuites":2,"numPassedTestSuites":2,"numFailedTestSuites":0,"numPendingTestSuites":0,"numTotalTests":4,"numPassedTests":4,"numFailedTests":0,"numPendingTests":0,"numTodoTests":0,"snapshot":{"added":0,"failure":false,"filesAdded":0,"filesRemoved":0,"filesRemovedList":[],"filesUnmatched":0,"filesUpdated":0,"matched":0,"total":0,"unchecked":0,"uncheckedKeysByFile":[],"unmatched":0,"updated":0,"didUpdate":false},"startTime":1753977365976,"success":true,"testResults":[{"assertionResults":[{"ancestorTitles":["createTextResult"],"fullName":"createTextResult should create a CallToolResult with correct structure","status":"passed","title":"should create a CallToolResult with correct structure","duration":0.927375000000012,"failureMessages":[],"meta":{}},{"ancestorTitles":["createTextResult"],"fullName":"createTextResult should handle mock data correctly","status":"passed","title":"should handle mock data correctly","duration":0.15808400000000233,"failureMessages":[],"meta":{}},{"ancestorTitles":["createTextResult"],"fullName":"createTextResult should handle null data","status":"passed","title":"should handle null data","duration":0.05737499999997908,"failureMessages":[],"meta":{}},{"ancestorTitles":["createTextResult"],"fullName":"createTextResult should handle undefined data gracefully by converting to null","status":"passed","title":"should handle undefined data gracefully by converting to null","duration":0.07670899999999392,"failureMessages":[],"meta":{}}],"startTime":1753977366165,"endTime":1753977366166.1582,"status":"passed","message":"","name":"/Users/nicktaylor/dev/oss/mcp-typescript-template/src/lib/utils.test.ts"}]}